

task contains conditional effects. turning off state domination.

 --- OK.
 Match tree built with 24 nodes.

PDDL problem description loaded: 
	Domain: GRAPEVINE
	Problem: GRAPEVINE-PROB
	#Actions: 24
	#Fluents: 102
Landmarks found: 2
Starting search with IW (time budget is 60 secs)...
rel_plan size: 1
#RP_fluents 14
Caption
{#goals, #UNnachieved,  #Achieved} -> IW(max_w)

{2/1/0}:IW(1) -> rel_plan size: 1
#RP_fluents 14
{2/1/1}:IW(1) -> [2][3][4];; NOT I-REACHABLE ;;
Total time: 0.000259
Nodes generated during search: 20
Nodes expanded during search: 19
IW search completed
Starting search with BFS(novel,land,h_add)...
--[4294967295 / 1]--
--[2 / 1]--
--[2 / 0]--
Total time: 0.019315
Nodes generated during search: 305
Nodes expanded during search: 48
Plan found with cost: 5
BFS search completed
