

task contains conditional effects. turning off state domination.

 --- OK.
 Match tree built with 144 nodes.

PDDL problem description loaded: 
	Domain: GRAPEVINE
	Problem: GRAPEVINE-PROB
	#Actions: 144
	#Fluents: 160
Landmarks found: 8
Starting search with IW (time budget is 60 secs)...
rel_plan size: 4
#RP_fluents 28
Caption
{#goals, #UNnachieved,  #Achieved} -> IW(max_w)

{8/1/0}:IW(1) -> rel_plan size: 4
#RP_fluents 28
{8/1/1}:IW(1) -> rel_plan size: 4
#RP_fluents 28
{8/1/2}:IW(1) -> rel_plan size: 4
#RP_fluents 28
{8/1/3}:IW(1) -> rel_plan size: 4
#RP_fluents 28
{8/4/4}:IW(1) -> [2][3][4][5][6][7];; NOT I-REACHABLE ;;
Total time: 0.008376
Nodes generated during search: 122
Nodes expanded during search: 118
IW search completed
Starting search with BFS(novel,land,h_add)...
--[4294967295 / 4]--
--[20 / 4]--
--[20 / 3]--
--[20 / 2]--
--[20 / 1]--
--[20 / 0]--
Total time: 0.644023
Nodes generated during search: 2003
Nodes expanded during search: 108
Plan found with cost: 11
BFS search completed
