

task contains conditional effects. turning off state domination.

 --- OK.
 Match tree built with 40 nodes.

PDDL problem description loaded: 
	Domain: GRAPEVINE
	Problem: GRAPEVINE-PROB
	#Actions: 40
	#Fluents: 48
Landmarks found: 2
Starting search with IW (time budget is 60 secs)...
rel_plan size: 1
#RP_fluents 3
Caption
{#goals, #UNnachieved,  #Achieved} -> IW(max_w)

{2/1/0}:IW(1) -> rel_plan size: 1
#RP_fluents 3
{2/1/1}:IW(1) -> [2][3]rel_plan size: 0
#RP_fluents 0Plan found with cost: 2
Total time: 0.000213
Nodes generated during search: 22
Nodes expanded during search: 9
IW search completed
